<?xml version="1.0" encoding="UTF-8"?>
<!-- Generated by org.testng.reporters.JUnitXMLReporter -->
<testsuite ignored="0" hostname="SHUBHAMK-PER" failures="3" tests="10" name="Test" time="0.338" errors="0" timestamp="2023-09-08T09:06:23 IST">
  <testcase classname="javapackage.TestNG2" name="h" time="0.015"/>
  <testcase classname="javapackage.TestNG2" name="z" time="0.01"/>
  <testcase classname="javapackage.TestNG1" name="a" time="0.06"/>
  <testcase classname="javapackage.TestNG1" name="b" time="0.053"/>
  <testcase classname="javapackage.TestNG1" name="z" time="0.038"/>
  <testcase classname="javapackage.TestNG7" name="testcase" time="0.143">
    <failure type="java.lang.AssertionError" message="assert expecte true expected [true] but found [false]">
      <![CDATA[java.lang.AssertionError: assert expecte true expected [true] but found [false]
at javapackage.TestNG7.testcase(TestNG7.java:19)
at java.base/java.util.concurrent.ThreadPoolExecutor.runWorker(ThreadPoolExecutor.java:1136)
at java.base/java.util.concurrent.ThreadPoolExecutor$Worker.run(ThreadPoolExecutor.java:635)
at java.base/java.lang.Thread.run(Thread.java:833)
... Removed 15 stack frames]]>
    </failure>
  </testcase> <!-- testcase -->
  <testcase classname="javapackage.TestNG6" name="balance" time="0.039">
    <failure type="java.lang.AssertionError" message="expected [true] but found [false]">
      <![CDATA[java.lang.AssertionError: expected [true] but found [false]
at javapackage.TestNG6.balance(TestNG6.java:10)
at java.base/java.util.concurrent.ThreadPoolExecutor.runWorker(ThreadPoolExecutor.java:1136)
at java.base/java.util.concurrent.ThreadPoolExecutor$Worker.run(ThreadPoolExecutor.java:635)
at java.base/java.lang.Thread.run(Thread.java:833)
... Removed 16 stack frames]]>
    </failure>
  </testcase> <!-- balance -->
  <testcase classname="javapackage.TestNG5" name="signUp" time="0.078">
    <failure type="java.lang.AssertionError" message="expected [true] but found [false]">
      <![CDATA[java.lang.AssertionError: expected [true] but found [false]
at javapackage.TestNG5.signUp(TestNG5.java:9)
at java.base/java.util.concurrent.ThreadPoolExecutor.runWorker(ThreadPoolExecutor.java:1136)
at java.base/java.util.concurrent.ThreadPoolExecutor$Worker.run(ThreadPoolExecutor.java:635)
at java.base/java.lang.Thread.run(Thread.java:833)
... Removed 16 stack frames]]>
    </failure>
  </testcase> <!-- signUp -->
  <testcase classname="javapackage.TestNG5" name="login" time="0.0">
    <skipped/>
  </testcase> <!-- login -->
  <testcase classname="javapackage.TestNG6" name="payment" time="0.0">
    <skipped/>
  </testcase> <!-- payment -->
</testsuite> <!-- Test -->
